<?xml version="1.0" encoding="utf-8"?><testsuites><testsuite name="pytest" errors="0" failures="0" skipped="0" tests="7" time="78.914" timestamp="2023-02-19T10:10:50.820342" hostname="Komputer"><testcase classname="test_product_page_elems_content" name="test_product_page[data_product0]" time="10.514" /><testcase classname="test_product_page_elems_content" name="test_name_content[data_product0]" time="10.898" /><testcase classname="test_product_page_elems_content" name="test_short_description_content[data_product0]" time="10.649" /><testcase classname="test_product_page_elems_content" name="test_sku_content[data_product0]" time="10.245" /><testcase classname="test_product_page_elems_content" name="test_price[data_product0]" time="9.588" /><testcase classname="test_product_page_elems_content" name="test_button_add_to_cart[data_product0]" time="12.405" /><testcase classname="test_product_page_elems_content" name="test_long_description_content[data_product0]" time="12.496" /></testsuite></testsuites>